* 8bb7a99 agregando dos parrafos
*   461c863 resolviendo conflicto en  estaciones del año y fecha de inicio
|\  
| * 6e52748 gregando las  estaciones del año
* | 1218a8b Agregando estaciones del año con fecha de inicio
|/  
*   95de294 Resolviendo conflicto merge main/html en el documento index.html
|\  
| * ea25043 agregando index.js a index.html
* | aade41e agregando style.css al index.html
* |   b220393 Merge branch 'js'
|\ \  
| * | b7c44b0 creando index.js
* | | 6d64b0b creando style.css
| |/  
|/|   
* | 8b1e52c creando archivo html
|/  
* ad87eb0 ignorando archivos .exe
* f722802 Creando licencia del repositorio
* 153ab4a agregando mas contenido al readme
* f8a76da agregando contenido inicial al README
* 845145d first commit
